\BOOKMARK [1][-]{section.1}{\376\377\0001\000.\000\040\226\217\147\072\123\330\221\317}{}% 1
\BOOKMARK [1][-]{section.2}{\376\377\0002\000.\000\040\226\217\147\072\122\006\136\003\377\010\122\006\136\003\377\011}{}% 2
\BOOKMARK [1][-]{section.3}{\376\377\0003\000.\000\040\116\000\116\233\121\170\127\213\122\006\136\003}{}% 3
\BOOKMARK [2][-]{subsection.3.1}{\376\377\0003\000.\0001\000.\000\040\116\214\230\171\122\006\136\003}{section.3}% 4
\BOOKMARK [2][-]{subsection.3.2}{\376\377\0003\000.\0002\000.\000\040\121\340\117\125\122\006\136\003}{section.3}% 5
\BOOKMARK [2][-]{subsection.3.3}{\376\377\0003\000.\0003\000.\000\040\000P\000a\000s\000c\000a\000l\000\040\122\006\136\003\377\010\215\037\116\214\230\171\122\006\136\003\377\011}{section.3}% 6
\BOOKMARK [2][-]{subsection.3.4}{\376\377\0003\000.\0004\000.\000\040\000P\000o\000i\000s\000s\000o\000n\000\040\122\006\136\003}{section.3}% 7
\BOOKMARK [2][-]{subsection.3.5}{\376\377\0003\000.\0005\000.\000\040\153\143\140\001\122\006\136\003}{section.3}% 8
\BOOKMARK [2][-]{subsection.3.6}{\376\377\0003\000.\0006\000.\000\040\000G\000a\000m\000m\000a\000\040\122\006\136\003}{section.3}% 9
\BOOKMARK [2][-]{subsection.3.7}{\376\377\0003\000.\0007\000.\000\040\143\007\145\160\122\006\136\003}{section.3}% 10
\BOOKMARK [2][-]{figure.caption.1}{\376\377\0003\000.\0008\000.\000\040\124\004\171\315\122\006\136\003\166\204\121\163\174\373}{section.3}% 11
\BOOKMARK [1][-]{section.4}{\376\377\0004\000.\000\040\131\032\176\364\151\202\163\207\122\006\136\003}{}% 12
\BOOKMARK [2][-]{subsection.4.1}{\376\377\0004\000.\0001\000.\000\040\200\124\124\010\122\006\136\003}{section.4}% 13
\BOOKMARK [2][-]{subsection.4.2}{\376\377\0004\000.\0002\000.\000\040\121\170\127\213\166\204\116\214\176\364\122\006\136\003}{section.4}% 14
\BOOKMARK [1][-]{section.5}{\376\377\0005\000.\000\040\226\217\147\072\123\330\221\317\166\204\162\354\172\313\140\047}{}% 15
\BOOKMARK [2][-]{subsection.5.1}{\376\377\0005\000.\0001\000.\000\040\147\141\116\366\122\006\136\003}{section.5}% 16
\BOOKMARK [2][-]{subsection.5.2}{\376\377\0005\000.\0002\000.\000\040\226\217\147\072\123\330\221\317\162\354\172\313\140\047}{section.5}% 17
\BOOKMARK [1][-]{section.6}{\376\377\0006\000.\000\040\226\217\147\072\123\330\221\317\121\375\145\160\166\204\122\006\136\003}{}% 18
\BOOKMARK [2][-]{thmt@dummyctr.dummy.17}{\376\377\0006\000.\0001\000.\000\040\116\000\176\364\140\305\137\142}{section.6}% 19
\BOOKMARK [2][-]{thmt@dummyctr.dummy.18}{\376\377\0006\000.\0002\000.\000\040\131\032\176\364\140\305\137\142}{section.6}% 20
\BOOKMARK [2][-]{subsection.6.3}{\376\377\0006\000.\0003\000.\000\040\136\070\165\050\140\047\215\050}{section.6}% 21
\BOOKMARK [1][-]{section*.2}{\376\377\000R\000e\000f\000e\000r\000e\000n\000c\000e\000s}{}% 22
